  Application.cpp
C:\Users\rheogns\Desktop\2020_1학기\자료구조\과제\LAB01\DataStructure_assignment1\assignment_MusicManager\assignment_MusicManager\Application.cpp(38,4): error C3861: 'RetriveMusic_Binary': 식별자를 찾을 수 없습니다.
C:\Users\rheogns\Desktop\2020_1학기\자료구조\과제\LAB01\DataStructure_assignment1\assignment_MusicManager\assignment_MusicManager\Application.cpp(243,12): error C2676: 이항 '[': 'ArrayList'이(가) 이 연산자를 정의하지 않거나 미리 정의된 연산자에 허용되는 형식으로의 변환을 정의하지 않습니다.
  ArrayList.cpp
C:\Users\rheogns\Desktop\2020_1학기\자료구조\과제\LAB01\DataStructure_assignment1\assignment_MusicManager\assignment_MusicManager\Application.cpp(244,3): error C2143: 구문 오류: ';'이(가) '}' 앞에 없습니다.
C:\Users\rheogns\Desktop\2020_1학기\자료구조\과제\LAB01\DataStructure_assignment1\assignment_MusicManager\assignment_MusicManager\ArrayList.cpp(144,27): error C3867: 'ItemType::GetSong': 비표준 구문입니다. '&'를 사용하여 멤버 포인터를 만드세요.
C:\Users\rheogns\Desktop\2020_1학기\자료구조\과제\LAB01\DataStructure_assignment1\assignment_MusicManager\assignment_MusicManager\ArrayList.cpp(144,27): error C2679: 이항 '=': 오른쪽 피연산자로 'overloaded-function' 형식을 사용하는 연산자가 없거나 허용되는 변환이 없습니다.
C:\Program Files (x86)\Microsoft Visual Studio\2019\Community\VC\Tools\MSVC\14.23.28105\include\xstring(2680,19): message : 'std::basic_string<char,std::char_traits<char>,std::allocator<char>> &std::basic_string<char,std::char_traits<char>,std::allocator<char>>::operator =(const _Elem)'일 수 있습니다.
C:\Program Files (x86)\Microsoft Visual Studio\2019\Community\VC\Tools\MSVC\14.23.28105\include\xstring(2680,19): message :         with
C:\Program Files (x86)\Microsoft Visual Studio\2019\Community\VC\Tools\MSVC\14.23.28105\include\xstring(2680,19): message :         [
C:\Program Files (x86)\Microsoft Visual Studio\2019\Community\VC\Tools\MSVC\14.23.28105\include\xstring(2680,19): message :             _Elem=char
C:\Program Files (x86)\Microsoft Visual Studio\2019\Community\VC\Tools\MSVC\14.23.28105\include\xstring(2680,19): message :         ]
C:\Program Files (x86)\Microsoft Visual Studio\2019\Community\VC\Tools\MSVC\14.23.28105\include\xstring(2676,19): message : 또는       'std::basic_string<char,std::char_traits<char>,std::allocator<char>> &std::basic_string<char,std::char_traits<char>,std::allocator<char>>::operator =(const _Elem *const )'
C:\Program Files (x86)\Microsoft Visual Studio\2019\Community\VC\Tools\MSVC\14.23.28105\include\xstring(2676,19): message :         with
C:\Program Files (x86)\Microsoft Visual Studio\2019\Community\VC\Tools\MSVC\14.23.28105\include\xstring(2676,19): message :         [
C:\Program Files (x86)\Microsoft Visual Studio\2019\Community\VC\Tools\MSVC\14.23.28105\include\xstring(2676,19): message :             _Elem=char
C:\Program Files (x86)\Microsoft Visual Studio\2019\Community\VC\Tools\MSVC\14.23.28105\include\xstring(2676,19): message :         ]
C:\Program Files (x86)\Microsoft Visual Studio\2019\Community\VC\Tools\MSVC\14.23.28105\include\xstring(2661,19): message : 또는       'std::basic_string<char,std::char_traits<char>,std::allocator<char>> &std::basic_string<char,std::char_traits<char>,std::allocator<char>>::operator =(const std::basic_string<char,std::char_traits<char>,std::allocator<char>> &)'
C:\Program Files (x86)\Microsoft Visual Studio\2019\Community\VC\Tools\MSVC\14.23.28105\include\xstring(2560,19): message : 또는       'std::basic_string<char,std::char_traits<char>,std::allocator<char>> &std::basic_string<char,std::char_traits<char>,std::allocator<char>>::operator =(std::initializer_list<_Elem>)'
C:\Program Files (x86)\Microsoft Visual Studio\2019\Community\VC\Tools\MSVC\14.23.28105\include\xstring(2560,19): message :         with
C:\Program Files (x86)\Microsoft Visual Studio\2019\Community\VC\Tools\MSVC\14.23.28105\include\xstring(2560,19): message :         [
C:\Program Files (x86)\Microsoft Visual Studio\2019\Community\VC\Tools\MSVC\14.23.28105\include\xstring(2560,19): message :             _Elem=char
C:\Program Files (x86)\Microsoft Visual Studio\2019\Community\VC\Tools\MSVC\14.23.28105\include\xstring(2560,19): message :         ]
C:\Program Files (x86)\Microsoft Visual Studio\2019\Community\VC\Tools\MSVC\14.23.28105\include\xstring(2459,19): message : 또는       'std::basic_string<char,std::char_traits<char>,std::allocator<char>> &std::basic_string<char,std::char_traits<char>,std::allocator<char>>::operator =(std::basic_string<char,std::char_traits<char>,std::allocator<char>> &&) noexcept(<expr>)'
  ItemType.cpp
  main.cpp
  코드를 생성하고 있습니다...
C:\Users\rheogns\Desktop\2020_1학기\자료구조\과제\LAB01\DataStructure_assignment1\assignment_MusicManager\assignment_MusicManager\ArrayList.cpp(144,27): message : 인수 목록 '(std::string, overloaded-function)'을(를) 일치시키는 동안
